<?xml version="1.0" encoding="UTF-8"?>
<!-- Generated by org.testng.reporters.JUnitReportReporter -->
<testsuite hostname="DESKTOP-730TDK5" failures="0" tests="1" name="com.test.irctctestcase.BusBooking" time="0.037" errors="0" timestamp="2022-04-22T18:15:12 IST" skipped="0">
  <testcase classname="com.test.irctctestcase.BusBooking" name="bus" time="0.037"/>
  <system-out/>
</testsuite> <!-- com.test.irctctestcase.BusBooking -->
